13:41:26 HHC01413I Hercules version 4.9.1.11612-SDL-gee86c4de
13:41:26 HHC01414I (C) Copyright 1999-2025 by Roger Bowler, Jan Jaeger, and others
13:41:26 HHC01417I ** The SDL 4.x Hyperion version of Hercules **
13:41:26 HHC01415I Build date: Dec  7 2025 at 03:49:55
13:41:26 HHC01417I Built with: Microsoft Visual Studio 2008 (MSVC 150030729 1)
13:41:26 HHC01417I Build type: Windows MSVC AMD64 host architecture build
13:41:26 HHC01417I Modes: S/370 ESA/390 z/Arch
13:41:26 HHC01417I Max CPU Engines: 64
13:41:26 HHC01417I Using   shared libraries
13:41:26 HHC01417I Using   Fish threads Threading Model
13:41:26 HHC01417I Using   Error-Checking Mutex Locking Model
13:41:26 HHC01417I With    Shared Devices support
13:41:26 HHC01417I With    Dynamic loading support
13:41:26 HHC01417I With    External GUI support
13:41:26 HHC01417I With    Partial TCP keepalive support
13:41:26 HHC01417I With    IPV6 support
13:41:26 HHC01417I With    HTTP Server support
13:41:26 HHC01417I With    sqrtl support
13:41:26 HHC01417I With    Signal handling
13:41:26 HHC01417I With    Watchdog monitoring
13:41:26 HHC01417I With    CCKD BZIP2 support
13:41:26 HHC01417I With    HET BZIP2 support
13:41:26 HHC01417I With    ZLIB support
13:41:26 HHC01417I With    Regular Expressions support
13:41:26 HHC01417I With    Object REXX support
13:41:26 HHC01417I Without Regina REXX support
13:41:26 HHC01417I With    Automatic Operator support
13:41:26 HHC01417I Without National Language Support
13:41:26 HHC01417I With    CCKD64 Support
13:41:26 HHC01417I With    Transactional-Execution Facility support
13:41:26 HHC01417I With    "Optimized" instructions
13:41:26 HHC01417I With    OPTION_USE_SKAIP_AS_LOCK
13:41:26 HHC01417I With    OPTION_SIE2BK_FLD_COPY
13:41:26 HHC01417I With    OPTION_IODELAY_KLUDGE
13:41:26 HHC01417I With    OPTION_MVS_TELNET_WORKAROUND
13:41:26 HHC01417I With    OPTION_SIE_PURGE_DAT_ALWAYS
13:41:26 HHC01417I With    OPTION_NOASYNC_SF_CMDS
13:41:26 HHC01417I Machine dependent assists: cmpxchg1 cmpxchg4 cmpxchg8 cmpxchg16 hatomics=msvcIntrinsics
13:41:26 HHC01417I Running on: VTE-RMA (Windows 11 Education 24H2-10.0.26100 Intel(R) x64) LP=4, Cores=2, CPUs=1
13:41:26 HHC01417I Built with crypto external package version 1.0.0.53-g9ac5840
13:41:26 HHC01417I Built with decNumber external package version 3.68.0.103-g9951845
13:41:26 HHC01417I Built with SoftFloat external package version 3.5.0.107-ge053494
13:41:26 HHC01417I Built with telnet external package version 1.0.0.64-g384b254
13:41:26 HHC00100I Thread id 00002d30, prio 5, name 'impl_thread' started
13:41:26 HHC00100I Thread id 00003c38, prio 4, name 'logger_thread' started
13:41:26 HHC00018W Hercules is NOT running in elevated mode
13:41:26 HHC00007I Previous message from function 'impl' at impl.c(1435)
13:41:26 HHC02323W This build of Hercules has only partial TCP keepalive support
13:41:26 HHC00007I Previous message from function 'impl' at impl.c(1481)
13:41:26 HHC00150I Crypto module loaded (C) Copyright 2003-2025 by Bernard van der Helm & Juergen Winkelmann
13:41:26 HHC00151I Activated facility: Message Security Assist
13:41:26 HHC00151I Activated facility: Message Security Assist Extension 1, 2, 3, 4, 5 and 7
13:41:26 HHC17531W REXX(OORexx) dlopen 'rexx.dll' failed: The specified module could not be found.
13:41:26 HHC00007I Previous message from function 'OORexxLoad' at hRexxapi.c(1340)
13:41:26 HHC17511E REXX() Could not enable either Rexx package
13:41:26 HHC00007I Previous message from function 'Enable' at hRexx.c(515)
13:41:26 HHC17511E REXX() Could not enable default Rexx package
13:41:26 HHC00007I Previous message from function 'InitializeRexx' at hRexx.c(262)
13:41:26 HHC17500I REXX() Mode            : Command
13:41:26 HHC17500I REXX() MsgLevel        : Off
13:41:26 HHC17500I REXX() MsgPrefix       : Off
13:41:26 HHC17500I REXX() ErrPrefix       : Off
13:41:26 HHC17500I REXX() Resolver        : On
13:41:26 HHC17500I REXX() SysPath    (10) : On
13:41:26 HHC17500I REXX() RexxPath   ( 0) :
13:41:26 HHC17500I REXX() Extensions ( 8) : .REXX;.rexx;.REX;.rex;.CMD;.cmd;.RX;.rx
13:41:26 HHC00111I Thread CPU Time IS available (_POSIX_THREAD_CPUTIME=1)
13:41:26 HHC00100I Thread id 000001b8, prio 4, name 'watchdog_thread' started
13:41:26 HHC00100I Thread id 00003c30, prio 7, name 'timer_thread' started
13:41:26 HHC00100I Thread id 00003dbc, prio 2, name 'Processor CP00' started
13:41:26 HHC00811I Processor CP00: architecture mode z/Arch
13:41:26 HHC02204I CPUSERIAL      set to 23E5DE
13:41:26 HHC02204I CPUMODEL       set to 2818
13:41:26 HHC17003I MAIN     storage is 2G (mainsize); storage is not locked
13:41:26 HHC02204I CNSLPORT       set to 3270
13:41:26 HHC02204I ARCHLVL        set to z/Arch
13:41:26 HHC02204I NUMCPU         set to 1
13:41:26 HHC02204I LOADPARM       set to ......
13:41:26 HHC02256W Command 'PANRATE' is deprecated; use PANOPT RATE=xxx instead
13:41:26 HHC00007I Previous message from function 'panrate_cmd' at hsccmd.c(4726)
13:41:26 HHC02204I PANRATE        set to SLOW
13:41:26 HHC02204I DIAG8CMD       set to ENABLE  NOECHO
13:41:26 HHC02204I LPARNAME       set to VTEZVM11
13:41:26 HHC02204I LEGACYSENSEID  set to enabled
13:41:26 HHC02204I TRACEOPT       set to TRADITIONAL
13:41:26 HHC00414I 0:6280 CKD file dasd/zVM/VTEZVM11/M01RES.ckd: model 3390-9 cu 3990-6 cyls 10017 heads 15 tracks 150255 trklen 56832
13:41:26 HHC00414I 0:6281 CKD file dasd/zVM/VTEZVM11/M01S01.ckd: model 3390-9 cu 3990-6 cyls 10017 heads 15 tracks 150255 trklen 56832
13:41:26 HHC00414I 0:6282 CKD file dasd/zVM/VTEZVM11/M01P01.ckd: model 3390-9 cu 3990-6 cyls 10017 heads 15 tracks 150255 trklen 56832
13:41:26 HHC00414I 0:6283 CKD file dasd/zVM/VTEZVM11/VMCOM1.ckd: model 3390-9 cu 3990-6 cyls 10017 heads 15 tracks 150255 trklen 56832
13:41:26 HHC00414I 0:6284 CKD file dasd/zVM/VTEZVM11/620RL1.ckd: model 3390-9 cu 3990-6 cyls 10017 heads 15 tracks 150255 trklen 56832
13:41:26 HHC00100I Thread id 00001354, prio 4, name 'console_connect' started
13:41:26 HHC02385W CPUMODEL 2818 does not technically support TXF
13:41:26 HHC00007I Previous message from function 'txf_model_warning' at transact.c(2562)
13:41:26 HHC17736W TXF: TIMERINT 50 is too small; using default of 400 instead
13:41:26 HHC00007I Previous message from function 'txf_set_timerint' at transact.c(2587)
13:41:26 HHC01024I Waiting for console connections on port 3270
13:41:27 HHC00100I Thread id 00001bb0, prio 2, name 'rubato_thread' started
13:41:34 HHC01603I tf on file=VTEZVM11.tf nostop max=100G
13:41:34 HHC02204I TF             set to ON MAX=100G NOSTOP FILE=VTEZVM11.tf
13:41:46 HHC01603I t+6283
13:41:46 HHC02204I CCW trace for 0:6283 set to ON
13:42:01 HHC02915I client 0 COMM: Connection received
13:42:01 HHC02914I 0:0000 COMM: client 0 negotiations complete; ttype = 'IBM-3278-4-E'
13:42:01 HHC01018I 0:0000 COMM: client 10.0.0.7 devtype 3270: connected
13:42:06 HHC01603I ipl "C:\Users\Remote Access\Desktop\zvm620\6.2\cpdvd\620vm.ins"
13:42:06 HHC00811I Processor CP00: architecture mode ESA/390
13:42:08 HHC00814I Processor CP00: SIGP Set architecture mode            (12) CP00, PARM 00000001: CC 0
13:42:08 HHC00811I Processor CP00: architecture mode z/Arch
13:42:08 HHC00801I Processor CP00: Special-operation exception interruption code 0013 ilc 4
13:42:08 HHC02324I PSW=0004000080000000 000000000034F40A INST=B9AA0000     LPTEA 0,0,0,0                load_page_table_entry_address
13:42:08 HHC02326I R:0000000000000000:K:06=00FC3000 803D1A70 FFFFFFFF FFFFFFFF  ................
13:42:08 HHC02326I R:0000000000000000:K:06=00FC3000 803D1A70 FFFFFFFF FFFFFFFF  ................
13:42:08 HHC02269I R0=0000000000000000 R1=000000000034FA59 R2=0000000000001E80 R3=0000000000001EC0
13:42:08 HHC02269I R4=0000000000001F00 R5=0000000000000000 R6=00000000000C0000 R7=0000000000000000
13:42:08 HHC02269I R8=0000000000000000 R9=0000000000346E50 RA=0000000000020000 RB=000000000000E000
13:42:08 HHC02269I RC=000000000034F280 RD=0000000000004650 RE=0000000030001000 RF=000000000089E838
13:42:50 HHC00801I Processor CP00: Operand exception interruption code 0015 ilc 4
13:42:50 HHC02324I PSW=0404100080000000 0000000000899EAA INST=B232A034     MSCH  52(10)                 modify_subchannel
13:42:50 HHC02326I V:000000001A4EC284:R:000000007FE99284:K:06=1A4E3D10 02C9C000 80000080 0000FF80  .+...I{.........
13:42:50 HHC02269I R0=000000000000E138 R1=0000000000010001 R2=0000000000000003 R3=000000000037A3B8
13:42:50 HHC02269I R4=0000000000000000 R5=0000000000000518 R6=000000000000E000 R7=0000000000000005
13:42:50 HHC02269I R8=000000001A4E3D10 R9=0000000080899C90 RA=000000001A4EC250 RB=0000000000002000
13:42:50 HHC02269I RC=0000000000899650 RD=000000001A506800 RE=0000000000000400 RF=000000001A505E90
13:42:50 HHC02271I C0=0000000094000E40 C1=000000000000A007 C2=000000000037CD40 C3=0000000000000000
13:42:50 HHC02271I C4=0000000000000000 C5=000000007FE83000 C6=0000000080000000 C7=0000000000000020
13:42:50 HHC02271I C8=0000000000000000 C9=0000000000000000 CA=0000000000000000 CB=0000000000000000
13:42:50 HHC02271I CC=000000007FDD0EE1 CD=000000000000A007 CE=0000000000000000 CF=0000000000000000
13:42:50 HHC00801I Processor CP00: Specification exception interruption code 0006 ilc 4
13:42:50 HHC02324I PSW=0404100080000000 000000000034F772 INST=8320020C     DIAG  2,0,524(0)             diagnose
13:42:50 HHC02326I V:000000000000020C:R:000000000000020C:K:36=00000000 00000000 00000000 00000000  ................
13:42:50 HHC02269I R0=FFFFFFFF00000001 R1=0000000000000000 R2=0000000080000D38 R3=000000000037A3B8
13:42:50 HHC02269I R4=0000000000000001 R5=000000001A305000 R6=000000000000E000 R7=000000000017935F
13:42:50 HHC02269I R8=000000001A4F17D0 R9=000000000000E000 RA=000000000000E000 RB=0000000000002000
13:42:50 HHC02269I RC=000000000034F280 RD=000000001A506800 RE=0000000030000000 RF=000000001A505E90
13:42:50 HHC02271I C0=0000000094000E40 C1=000000000000A007 C2=000000000037CD40 C3=0000000000000000
13:42:50 HHC02271I C4=0000000000000000 C5=000000007FE83000 C6=0000000080000000 C7=0000000000000020
13:42:50 HHC02271I C8=0000000000000000 C9=0000000000000000 CA=0000000000000000 CB=0000000000000000
13:42:50 HHC02271I CC=000000007FD80401 CD=000000000000A007 CE=0000000000000000 CF=0000000000000000
13:42:50 HHC00801I Processor CP00: Specification exception interruption code 0006 ilc 4
13:42:50 HHC02324I PSW=0404100080000000 000000000034F7BA INST=8320020C     DIAG  2,0,524(0)             diagnose
13:42:50 HHC02326I V:000000000000020C:R:000000000000020C:K:36=00000000 00000000 00000000 00000000  ................
13:42:50 HHC02269I R0=FFFFFFFF00000001 R1=0000000000000000 R2=0000000000000D3C R3=000000000037A3B8
13:42:50 HHC02269I R4=0000000000000001 R5=000000001A305000 R6=000000000000E000 R7=000000000017935F
13:42:50 HHC02269I R8=000000001A4F17D0 R9=000000000000E000 RA=000000000000E000 RB=0000000000002000
13:42:50 HHC02269I RC=000000000034F280 RD=000000001A506800 RE=0000000010000000 RF=000000001A505E90
13:42:50 HHC02271I C0=0000000094000E40 C1=000000000000A007 C2=000000000037CD40 C3=0000000000000000
13:42:50 HHC02271I C4=0000000000000000 C5=000000007FE83000 C6=0000000080000000 C7=0000000000000020
13:42:50 HHC02271I C8=0000000000000000 C9=0000000000000000 CA=0000000000000000 CB=0000000000000000
13:42:50 HHC02271I CC=000000007FD80441 CD=000000000000A007 CE=0000000000000000 CF=0000000000000000
13:42:50 HHC00801I Processor CP00: Operation exception interruption code 0001 ilc 4
13:42:50 HHC02324I PSW=0404000080000000 000000000034F8A6 INST=B25C00F0     ????? ,                      ?
13:42:50 HHC02326I V:0000000000000000:R:0000000000000000:K:36=00FC3000 803D1A70 FFFFFFFF FFFFFFFF  ................
13:42:50 HHC02326I V:0000000000000001:R:0000000000000001:K:36=FC3000 803D1A70 FFFFFFFF FFFFFFFF FF ................
13:42:50 HHC02269I R0=FFFFFFFF00000001 R1=0000000000000000 R2=0000000000000D3C R3=000000000037A3B8
13:42:50 HHC02269I R4=0000000000000001 R5=000000001A305000 R6=000000000000E000 R7=000000000017935F
13:42:50 HHC02269I R8=000000001A4F17D0 R9=000000000000E000 RA=000000000000E000 RB=0000000000002000
13:42:50 HHC02269I RC=000000000034F280 RD=000000001A506800 RE=0000000010000000 RF=0000000000000000
13:42:50 HHC02271I C0=0000000094000E40 C1=000000000000A007 C2=000000000037CD40 C3=0000000000000000
13:42:50 HHC02271I C4=0000000000000000 C5=000000007FE83000 C6=0000000080000000 C7=0000000000000020
13:42:50 HHC02271I C8=0000000000000000 C9=0000000000000000 CA=0000000000000000 CB=0000000000000000
13:42:50 HHC02271I CC=000000007FD80481 CD=000000000000A007 CE=0000000000000000 CF=0000000000000000
13:42:50 HHC00801I Processor CP00: Special-operation exception interruption code 0013 ilc 4
13:42:50 HHC02324I PSW=0404000080000000 000000000034F8E6 INST=B25800EF     BSG   14,15                  branch_in_subspace_group
13:42:50 HHC02326I V:0000000000001000:R:0000000000001000:K:36=00000000 00000000 00000000 00000000  ................
13:42:50 HHC02326I V:000000001A505E90:R:000000007FE80E90:K:06=00000001 00000000 00000D3C 0037A3B8  ..............t.
13:42:50 HHC02269I R0=FFFFFFFF00000001 R1=0000000000000000 R2=0000000000000D3C R3=000000000037A3B8
13:42:50 HHC02269I R4=0000000000000001 R5=000000001A305000 R6=000000000000E000 R7=000000000017935F
13:42:50 HHC02269I R8=000000001A4F17D0 R9=000000000000E000 RA=000000000000E000 RB=0000000000002000
13:42:50 HHC02269I RC=000000000034F280 RD=000000001A506800 RE=0000000000001000 RF=000000001A505E90
13:42:50 HHC02271I C0=0000000094000E40 C1=000000000000A007 C2=000000000037CD40 C3=0000000000000000
13:42:50 HHC02271I C4=0000000000000000 C5=000000007FE83000 C6=0000000080000000 C7=0000000000000020
13:42:50 HHC02271I C8=0000000000000000 C9=0000000000000000 CA=0000000000000000 CB=0000000000000000
13:42:50 HHC02271I CC=000000007FD804C1 CD=000000000000A007 CE=0000000000000000 CF=0000000000000000
13:42:50 HHC00801I Processor CP00: Special-operation exception interruption code 0013 ilc 4
13:42:50 HHC02324I PSW=0404100080000000 000000000034F926 INST=B25A00E0     BSA   14,0                   branch_and_set_authority
13:42:50 HHC02326I V:0000000010001000:R:0000000010001000:K:00=00000000 00000000 00000000 00000000  ................
13:42:50 HHC02326I V:0000000000000001:R:0000000000000001:K:36=FC3000 803D1A70 FFFFFFFF FFFFFFFF FF ................
13:42:50 HHC02269I R0=FFFFFFFF00000001 R1=0000000000000000 R2=0000000000000D3C R3=000000000037A3B8
13:42:50 HHC02269I R4=0000000000000001 R5=000000001A305000 R6=000000000000E000 R7=000000000017935F
13:42:50 HHC02269I R8=000000001A4F17D0 R9=000000000000E000 RA=000000000000E000 RB=0000000000002000
13:42:50 HHC02269I RC=000000000034F280 RD=000000001A506800 RE=0000000010001000 RF=000000001A505E90
13:42:50 HHC02271I C0=0000000094000E40 C1=000000000000A007 C2=000000000037CD40 C3=0000000000000000
13:42:50 HHC02271I C4=0000000000000000 C5=000000007FE83000 C6=0000000080000000 C7=0000000000000020
13:42:50 HHC02271I C8=0000000000000000 C9=0000000000000000 CA=0000000000000000 CB=0000000000000000
13:42:50 HHC02271I CC=000000007FD80501 CD=000000000000A007 CE=0000000000000000 CF=0000000000000000
13:42:51 HHC02383I Trace file tracing begun...
13:42:51 HHC01315I 0:6281 CHAN: ccw 2760000C 7FEDD558=>18000000 00000200 00000000          ............
13:42:51 HHC01312I 0:6281 CHAN: stat 0E00, count 0000
13:42:51 HHC01313I 0:6281 CHAN: sense 80000000 00FFFF04 00000000 00000000 00000000 00000000 00000080 00000000
13:42:51 HHC01314I 0:6281 CHAN: sense CMDREJ 
13:42:52 HHC00801I Processor CP00: Operation exception interruption code 0001 ilc 4
13:42:52 HHC02324I PSW=0404200080000000 00000000008A0066 INST=B216C1CE     ????? ,                      ?
13:42:52 HHC02326I V:00000000008A006E:R:00000000008A006E:K:04=0800 58F00BA8 C0E00000 001750EF 00E0 ...0.y{\....&..\
13:42:52 HHC02269I R0=000000004CC7E2C4 R1=0000000000000200 R2=0000000000000087 R3=0000000000000000
13:42:52 HHC02269I R4=000000000000E000 R5=0000000000000001 R6=000000000000E000 R7=000000000017935F
13:42:52 HHC02269I R8=000000001A4F17D0 R9=0000000000000064 RA=00000000002A9260 RB=000000001A417000
13:42:52 HHC02269I RC=000000000089FEA0 RD=000000001A508600 RE=0000000020000000 RF=000000001A505E90
13:42:52 HHC02271I C0=0000000094000E40 C1=000000000000A007 C2=000000000037CD40 C3=0000000000000000
13:42:52 HHC02271I C4=0000000000000000 C5=000000007FE83000 C6=0000000080000000 C7=0000000000000100
13:42:52 HHC02271I C8=0000000000000000 C9=0000000000000000 CA=0000000000000000 CB=0000000000000000
13:42:52 HHC02271I CC=000000007FFE0861 CD=000000000000A007 CE=0000000000000000 CF=0000000000000000
13:42:52 HHC00801I Processor CP00: Operation exception interruption code 0001 ilc 4
13:42:52 HHC02324I PSW=0404200080000000 00000000008A0098 INST=B270C200     ????? ,                      ?
13:42:52 HHC02326I V:00000000008A00A0:R:00000000008A00A0:K:04=000058F0 0BA841E0 000050EF 00E450EF  ...0.y.\..&..U&.
13:42:52 HHC02269I R0=000000004CC7E2C4 R1=0000000000000200 R2=0000000000000087 R3=0000000000000000
13:42:52 HHC02269I R4=000000000000E000 R5=0000000000000001 R6=000000000000E000 R7=000000000017935F
13:42:52 HHC02269I R8=000000001A4F17D0 R9=0000000000000064 RA=00000000002A9260 RB=000000001A417000
13:42:52 HHC02269I RC=000000000089FEA0 RD=000000001A508600 RE=0000000020000000 RF=000000001A505E90
13:42:52 HHC02271I C0=0000000094000E40 C1=000000000000A007 C2=000000000037CD40 C3=0000000000000000
13:42:52 HHC02271I C4=0000000000000000 C5=000000007FE83000 C6=0000000080000000 C7=0000000000000100
13:42:52 HHC02271I C8=0000000000000000 C9=0000000000000000 CA=0000000000000000 CB=0000000000000000
13:42:52 HHC02271I CC=000000007FFE08A1 CD=000000000000A007 CE=0000000000000000 CF=0000000000000000
13:42:52 HHC00801I Processor CP00: Operation exception interruption code 0001 ilc 4
13:42:52 HHC02324I PSW=0404200080000000 000000000022AE56 INST=B2AF0000     ????? ,                      ?
13:42:52 HHC02326I V:0000000000000000:R:0000000000000000:K:36=00FC3000 803D1A70 FFFFFFFF FFFFFFFF  ................
13:42:52 HHC02326I V:0000000000000000:R:0000000000000000:K:36=00FC3000 803D1A70 FFFFFFFF FFFFFFFF  ................
13:42:52 HHC02269I R0=0000000000000000 R1=7FFFFFFE0000F150 R2=0000000000028000 R3=000000000000E000
13:42:52 HHC02269I R4=000000000000F150 R5=0000000000000000 R6=000000000000E000 R7=000000000017935F
13:42:52 HHC02269I R8=000000001A4F17D0 R9=0000000000000064 RA=000000000000E000 RB=0000000000002000
13:42:52 HHC02269I RC=000000000022AC10 RD=000000001A508C00 RE=0000000020000040 RF=000000001A505E90
13:42:52 HHC02271I C0=0000000094000E40 C1=000000000000A007 C2=000000000037CD40 C3=0000000000000000
13:42:52 HHC02271I C4=0000000000000000 C5=000000007FE83000 C6=00000000C0000000 C7=0000000000000100
13:42:52 HHC02271I C8=0000000000000000 C9=0000000000000000 CA=0000000000000000 CB=0000000000000000
13:42:52 HHC02271I CC=000000007FFC0D81 CD=000000000000A007 CE=000000001F000000 CF=0000000000000000
13:42:52 HHC00801I Processor CP00: Operation exception interruption code 0001 ilc 4
13:42:52 HHC02324I PSW=0404300080000000 00000000000755A2 INST=B2170370     ????? ,                      ?
13:42:52 HHC02326I V:0000000000000370:R:0000000000000370:K:36=00000000 00002000 00000000 00002000  ................
13:42:52 HHC02269I R0=00000000FFFFFFFF R1=7FFFFFFE00000000 R2=00000000002158E0 R3=000000001A41B000
13:42:52 HHC02269I R4=000000000000F150 R5=0000000080075116 R6=000000000000E000 R7=000000000000E000
13:42:52 HHC02269I R8=000000001A4F17D0 R9=0000000000000064 RA=000000001A417000 RB=0000000000002000
13:42:52 HHC02269I RC=0000000000074DE0 RD=000000001A508600 RE=0000000030000080 RF=000000001A505E90
13:42:52 HHC02271I C0=0000000094000E40 C1=000000000000A007 C2=000000000037CD40 C3=0000000000000000
13:42:52 HHC02271I C4=0000000000000000 C5=000000007FE83000 C6=00000000C0000000 C7=0000000000000100
13:42:52 HHC02271I C8=0000000000000000 C9=0000000000000000 CA=0000000000000000 CB=0000000000000000
13:42:52 HHC02271I CC=000000007FFC0E41 CD=000000000000A007 CE=000000001F000000 CF=0000000000000000
13:42:52 HHC00004I Control program identification: type VM, name IBMVMRAM, sysplex , level 2006000000000000
13:42:52 HHC00130W PGMPRDOS LICENSED specified and a licenced program product operating system is running
13:42:52 HHC00007I Previous message from function 'losc_check' at losc.c(49)
13:42:53 HHC00801I Processor CP00: SIE: Special-operation exception interruption code 0013 ilc 4
13:42:53 HHC02324I SIE: PSW=000800008002412C INST=B2190000     SAC   0(0)                   set_address_space_control
13:42:53 HHC02326I SIE: R:00000000:A:000000007FF8D000:K:06=00080000 80024038 02000000 60000200  ...... .....-...
13:42:53 HHC02269I GR00=C1E4E3D6 GR01=C3D90000 GR02=00000000 GR03=00000000
13:42:53 HHC02269I GR04=00000000 GR05=00000000 GR06=00000000 GR07=00000000
13:42:53 HHC02269I GR08=00000000 GR09=00000000 GR10=00000000 GR11=00000000
13:42:53 HHC02269I GR12=00024000 GR13=00000000 GR14=8002404A GR15=00000000
13:42:53 HHC02271I CR00=000000E0 CR01=00000000 CR02=00000000 CR03=00000000
13:42:53 HHC02271I CR04=00000000 CR05=00000000 CR06=00000000 CR07=00000000
13:42:53 HHC02271I CR08=00000000 CR09=00000000 CR10=00000000 CR11=00000000
13:42:53 HHC02271I CR12=00000000 CR13=00000000 CR14=C2000000 CR15=00000000
13:42:55 HHC00801I Processor CP00: SIE: Specification exception interruption code 0006 ilc 4
13:42:55 HHC02324I SIE: PSW=00081000800232DA INST=B2630011     CMPSC 1,1                    cmpsc_2012
13:42:55 HHC02326I SIE: R:07F3EBE0:A:000000007EE7EBE0:K:F6=FFFFFFFF FFFFFFFF FFFFFFFF FFFFFFFF  ................
13:42:55 HHC02326I SIE: R:07F3EBE0:A:000000007EE7EBE0:K:F6=FFFFFFFF FFFFFFFF FFFFFFFF FFFFFFFF  ................
13:42:55 HHC02269I GR00=00000061 GR01=07F3EBE0 GR02=000232DE GR03=C1D4C5D5
13:42:55 HHC02269I GR04=00000006 GR05=00021CEE GR06=00000005 GR07=00022000
13:42:55 HHC02269I GR08=80F3B3F0 GR09=00021000 GR10=00000000 GR11=000047A8
13:42:55 HHC02269I GR12=00023230 GR13=00021D40 GR14=80023296 GR15=00000000
13:42:55 HHC02271I CR00=000010E0 CR01=00000000 CR02=00000000 CR03=00000000
13:42:55 HHC02271I CR04=00000000 CR05=00000000 CR06=00000000 CR07=00000000
13:42:55 HHC02271I CR08=00000000 CR09=00000000 CR10=00000000 CR11=00000000
13:42:55 HHC02271I CR12=00000000 CR13=00000000 CR14=C2000000 CR15=00000000
13:43:32 HHC00801I Processor CP00: SIE: Special-operation exception interruption code 0013 ilc 4
13:43:32 HHC02324I SIE: PSW=03EC200000DB61A8 INST=B2190000     SAC   0(0)                   set_address_space_control
13:43:32 HHC02326I SIE: R:00000000:A:000000007FF8D000:K:F6=03EC1000 00DC586E 00DC55C6 00000000  .......>...F....
13:43:32 HHC02269I GR00=00DC4EB4 GR01=00DAEADC GR02=00EBAAF0 GR03=00DAEF1C
13:43:32 HHC02269I GR04=00DB17F0 GR05=00EBADF8 GR06=00EB88D0 GR07=00DB9153
13:43:32 HHC02269I GR08=00DBB151 GR09=00DBA152 GR10=60DB6156 GR11=00DB7155
13:43:32 HHC02269I GR12=00DB8154 GR13=00EB88D0 GR14=00DB6188 GR15=00DB61A2
13:43:32 HHC02271I CR00=000010E0 CR01=00000000 CR02=00000000 CR03=00000000
13:43:32 HHC02271I CR04=00000000 CR05=00000000 CR06=FF000000 CR07=00000000
13:43:32 HHC02271I CR08=00000000 CR09=00000000 CR10=00000000 CR11=00000000
13:43:32 HHC02271I CR12=00000000 CR13=00000000 CR14=C2000000 CR15=00000000
14:05:20 HHC00801I Processor CP00: SIE: Special-operation exception interruption code 0013 ilc 4
14:05:20 HHC02324I SIE: PSW=03EC200000DB61A8 INST=B2190000     SAC   0(0)                   set_address_space_control
14:05:20 HHC02326I SIE: R:00000000:A:000000007FF8D000:K:F6=03EC1000 00DC586E 00DC55C6 00000000  .......>...F....
14:05:20 HHC02269I GR00=00DC4EB4 GR01=00DAEADC GR02=00EBAAF0 GR03=00DAEF1C
14:05:20 HHC02269I GR04=00DB17F0 GR05=00EBADF8 GR06=00EB88D0 GR07=00DB9153
14:05:20 HHC02269I GR08=00DBB151 GR09=00DBA152 GR10=60DB6156 GR11=00DB7155
14:05:20 HHC02269I GR12=00DB8154 GR13=00EB88D0 GR14=00DB6188 GR15=00DB61A2
14:05:20 HHC02271I CR00=000010E0 CR01=00000000 CR02=00000000 CR03=00000000
14:05:20 HHC02271I CR04=00000000 CR05=00000000 CR06=FF000000 CR07=00000000
14:05:20 HHC02271I CR08=00000000 CR09=00000000 CR10=00000000 CR11=00000000
14:05:20 HHC02271I CR12=00000000 CR13=00000000 CR14=C2000000 CR15=00000000
14:09:21 HHC00801I Processor CP00: SIE: Special-operation exception interruption code 0013 ilc 4
14:09:21 HHC02324I SIE: PSW=03EC200000DB61A8 INST=B2190000     SAC   0(0)                   set_address_space_control
14:09:21 HHC02326I SIE: R:00000000:A:000000007FF8D000:K:F6=03EC1000 00DC586E 00DC55C6 00000000  .......>...F....
14:09:21 HHC02269I GR00=00DC4EB4 GR01=00DAEADC GR02=00EBAAF0 GR03=00DAEF1C
14:09:21 HHC02269I GR04=00DB17F0 GR05=00EBADF8 GR06=00EB88D0 GR07=00DB9153
14:09:21 HHC02269I GR08=00DBB151 GR09=00DBA152 GR10=60DB6156 GR11=00DB7155
14:09:21 HHC02269I GR12=00DB8154 GR13=00EB88D0 GR14=00DB6188 GR15=00DB61A2
14:09:21 HHC02271I CR00=000010E0 CR01=00000000 CR02=00000000 CR03=00000000
14:09:21 HHC02271I CR04=00000000 CR05=00000000 CR06=FF000000 CR07=00000000
14:09:21 HHC02271I CR08=00000000 CR09=00000000 CR10=00000000 CR11=00000000
14:09:21 HHC02271I CR12=00000000 CR13=00000000 CR14=C2000000 CR15=00000000
14:15:50 HHC00801I Processor CP00: SIE: Special-operation exception interruption code 0013 ilc 4
14:15:50 HHC02324I SIE: PSW=03EC200000DB61A8 INST=B2190000     SAC   0(0)                   set_address_space_control
14:15:50 HHC02326I SIE: R:00000000:A:000000007FF8D000:K:F6=03EC1000 00DC586E 00DC55C6 00000000  .......>...F....
14:15:50 HHC02269I GR00=00DC4EB4 GR01=00DAEADC GR02=00EBAAF0 GR03=00DAEF1C
14:15:50 HHC02269I GR04=00DB17F0 GR05=00EBADF8 GR06=00EB88D0 GR07=00DB9153
14:15:50 HHC02269I GR08=00DBB151 GR09=00DBA152 GR10=60DB6156 GR11=00DB7155
14:15:50 HHC02269I GR12=00DB8154 GR13=00EB88D0 GR14=00DB6188 GR15=00DB61A2
14:15:50 HHC02271I CR00=000010E0 CR01=00000000 CR02=00000000 CR03=00000000
14:15:50 HHC02271I CR04=00000000 CR05=00000000 CR06=FF000000 CR07=00000000
14:15:50 HHC02271I CR08=00000000 CR09=00000000 CR10=00000000 CR11=00000000
14:15:50 HHC02271I CR12=00000000 CR13=00000000 CR14=C2000000 CR15=00000000
14:21:58 HHC00801I Processor CP00: SIE: Special-operation exception interruption code 0013 ilc 4
14:21:58 HHC02324I SIE: PSW=03EC200000DB61A8 INST=B2190000     SAC   0(0)                   set_address_space_control
14:21:58 HHC02326I SIE: R:00000000:A:000000007FF8D000:K:F6=03EC1000 00DC586E 00DC55C6 00000000  .......>...F....
14:21:58 HHC02269I GR00=00DC4EB4 GR01=00DAEADC GR02=00EBAAF0 GR03=00DAEF1C
14:21:58 HHC02269I GR04=00DB17F0 GR05=00EBADF8 GR06=00EB88D0 GR07=00DB9153
14:21:58 HHC02269I GR08=00DBB151 GR09=00DBA152 GR10=60DB6156 GR11=00DB7155
14:21:58 HHC02269I GR12=00DB8154 GR13=00EB88D0 GR14=00DB6188 GR15=00DB61A2
14:21:58 HHC02271I CR00=000010E0 CR01=00000000 CR02=00000000 CR03=00000000
14:21:58 HHC02271I CR04=00000000 CR05=00000000 CR06=FF000000 CR07=00000000
14:21:58 HHC02271I CR08=00000000 CR09=00000000 CR10=00000000 CR11=00000000
14:21:58 HHC02271I CR12=00000000 CR13=00000000 CR14=C2000000 CR15=00000000
14:29:06 HHC00801I Processor CP00: SIE: Special-operation exception interruption code 0013 ilc 4
14:29:06 HHC02324I SIE: PSW=03EC200000DB61A8 INST=B2190000     SAC   0(0)                   set_address_space_control
14:29:06 HHC02326I SIE: R:00000000:A:000000007FF8D000:K:F6=03EC1000 00DC586E 00DC55C6 00000000  .......>...F....
14:29:06 HHC02269I GR00=00DC4EB4 GR01=00DAEADC GR02=00EBAAF0 GR03=00DAEF1C
14:29:06 HHC02269I GR04=00DB17F0 GR05=00DB1E74 GR06=00EB88D0 GR07=00DB9153
14:29:06 HHC02269I GR08=00DBB151 GR09=00DBA152 GR10=60DB6156 GR11=00DB7155
14:29:06 HHC02269I GR12=00DB8154 GR13=00EB88D0 GR14=00DB6188 GR15=00DB61A2
14:29:06 HHC02271I CR00=000010E0 CR01=00000000 CR02=00000000 CR03=00000000
14:29:06 HHC02271I CR04=00000000 CR05=00000000 CR06=FF000000 CR07=00000000
14:29:06 HHC02271I CR08=00000000 CR09=00000000 CR10=00000000 CR11=00000000
14:29:06 HHC02271I CR12=00000000 CR13=00000000 CR14=C2000000 CR15=00000000
14:29:06 HHC00801I Processor CP00: SIE: Special-operation exception interruption code 0013 ilc 4
14:29:06 HHC02324I SIE: PSW=01EC200000DB61A8 INST=B2190000     SAC   0(0)                   set_address_space_control
14:29:06 HHC02326I SIE: R:00000000:A:000000007FF8D000:K:F6=01EC1000 00DC586E 00DC55C6 00000000  .......>...F....
14:29:06 HHC02269I GR00=00DC4EB4 GR01=00DAEADC GR02=00EBAAF0 GR03=00DAEF1C
14:29:06 HHC02269I GR04=00DB17F0 GR05=00000000 GR06=00EB88D0 GR07=00DB9153
14:29:06 HHC02269I GR08=00DBB151 GR09=00DBA152 GR10=60DB6156 GR11=00DB7155
14:29:06 HHC02269I GR12=00DB8154 GR13=00EB88D0 GR14=00DB6188 GR15=00DB61A2
14:29:06 HHC02271I CR00=000010E0 CR01=00000000 CR02=00000000 CR03=00000000
14:29:06 HHC02271I CR04=00000000 CR05=00000000 CR06=FF000000 CR07=00000000
14:29:06 HHC02271I CR08=00000000 CR09=00000000 CR10=00000000 CR11=00000000
14:29:06 HHC02271I CR12=00000000 CR13=00000000 CR14=C2000000 CR15=00000000
14:29:06 HHC00801I Processor CP00: SIE: Special-operation exception interruption code 0013 ilc 4
14:29:06 HHC02324I SIE: PSW=03EC200000DB61A8 INST=B2190000     SAC   0(0)                   set_address_space_control
14:29:06 HHC02326I SIE: R:00000000:A:000000007FF8D000:K:F6=03EC1000 00DC586E 00DC55C6 00000000  .......>...F....
14:29:06 HHC02269I GR00=00DC4EB4 GR01=00DAEADC GR02=00EBAAF0 GR03=00DAEF1C
14:29:06 HHC02269I GR04=00DB17F0 GR05=00DB1E74 GR06=00EB88D0 GR07=00DB9153
14:29:06 HHC02269I GR08=00DBB151 GR09=00DBA152 GR10=60DB6156 GR11=00DB7155
14:29:06 HHC02269I GR12=00DB8154 GR13=00EB88D0 GR14=00DB6188 GR15=00DB61A2
14:29:06 HHC02271I CR00=000010E0 CR01=00000000 CR02=00000000 CR03=00000000
14:29:06 HHC02271I CR04=00000000 CR05=00000000 CR06=FF000000 CR07=00000000
14:29:06 HHC02271I CR08=00000000 CR09=00000000 CR10=00000000 CR11=00000000
14:29:06 HHC02271I CR12=00000000 CR13=00000000 CR14=C2000000 CR15=00000000
14:29:06 HHC00801I Processor CP00: SIE: Special-operation exception interruption code 0013 ilc 4
14:29:06 HHC02324I SIE: PSW=01EC200000DB61A8 INST=B2190000     SAC   0(0)                   set_address_space_control
14:29:06 HHC02326I SIE: R:00000000:A:000000007FF8D000:K:F6=01EC1000 00DC586E 00DC55C6 00000000  .......>...F....
14:29:06 HHC02269I GR00=00DC4EB4 GR01=00DAEADC GR02=00EBAAF0 GR03=00DAEF1C
14:29:06 HHC02269I GR04=00DB17F0 GR05=00000000 GR06=00EB88D0 GR07=00DB9153
14:29:06 HHC02269I GR08=00DBB151 GR09=00DBA152 GR10=60DB6156 GR11=00DB7155
14:29:06 HHC02269I GR12=00DB8154 GR13=00EB88D0 GR14=00DB6188 GR15=00DB61A2
14:29:06 HHC02271I CR00=000010E0 CR01=00000000 CR02=00000000 CR03=00000000
14:29:06 HHC02271I CR04=00000000 CR05=00000000 CR06=FF000000 CR07=00000000
14:29:06 HHC02271I CR08=00000000 CR09=00000000 CR10=00000000 CR11=00000000
14:29:06 HHC02271I CR12=00000000 CR13=00000000 CR14=C2000000 CR15=00000000
14:29:07 HHC00801I Processor CP00: SIE: Special-operation exception interruption code 0013 ilc 4
14:29:07 HHC02324I SIE: PSW=03EC200000DB61A8 INST=B2190000     SAC   0(0)                   set_address_space_control
14:29:07 HHC02326I SIE: R:00000000:A:000000007FF8D000:K:F6=03EC1000 00DC586E 00DC55C6 00000000  .......>...F....
14:29:07 HHC02269I GR00=00DC4EB4 GR01=00DAEADC GR02=00EBAAF0 GR03=00DAEF1C
14:29:07 HHC02269I GR04=00DB17F0 GR05=00DB1E74 GR06=00EB88D0 GR07=00DB9153
14:29:07 HHC02269I GR08=00DBB151 GR09=00DBA152 GR10=60DB6156 GR11=00DB7155
14:29:07 HHC02269I GR12=00DB8154 GR13=00EB88D0 GR14=00DB6188 GR15=00DB61A2
14:29:07 HHC02271I CR00=000010E0 CR01=00000000 CR02=00000000 CR03=00000000
14:29:07 HHC02271I CR04=00000000 CR05=00000000 CR06=FF000000 CR07=00000000
14:29:07 HHC02271I CR08=00000000 CR09=00000000 CR10=00000000 CR11=00000000
14:29:07 HHC02271I CR12=00000000 CR13=00000000 CR14=C2000000 CR15=00000000
14:29:07 HHC00801I Processor CP00: SIE: Special-operation exception interruption code 0013 ilc 4
14:29:07 HHC02324I SIE: PSW=01EC200000DB61A8 INST=B2190000     SAC   0(0)                   set_address_space_control
14:29:07 HHC02326I SIE: R:00000000:A:000000007FF8D000:K:F6=01EC1000 00DC586E 00DC55C6 00000000  .......>...F....
14:29:07 HHC02269I GR00=00DC4EB4 GR01=00DAEADC GR02=00EBAAF0 GR03=00DAEF1C
14:29:07 HHC02269I GR04=00DB17F0 GR05=00000000 GR06=00EB88D0 GR07=00DB9153
14:29:07 HHC02269I GR08=00DBB151 GR09=00DBA152 GR10=60DB6156 GR11=00DB7155
14:29:07 HHC02269I GR12=00DB8154 GR13=00EB88D0 GR14=00DB6188 GR15=00DB61A2
14:29:07 HHC02271I CR00=000010E0 CR01=00000000 CR02=00000000 CR03=00000000
14:29:07 HHC02271I CR04=00000000 CR05=00000000 CR06=FF000000 CR07=00000000
14:29:07 HHC02271I CR08=00000000 CR09=00000000 CR10=00000000 CR11=00000000
14:29:07 HHC02271I CR12=00000000 CR13=00000000 CR14=C2000000 CR15=00000000
14:29:07 HHC00801I Processor CP00: SIE: Special-operation exception interruption code 0013 ilc 4
14:29:07 HHC02324I SIE: PSW=03EC200000DB61A8 INST=B2190000     SAC   0(0)                   set_address_space_control
14:29:07 HHC02326I SIE: R:00000000:A:000000007FF8D000:K:F6=03EC1000 00DC586E 00DC55C6 00000000  .......>...F....
14:29:07 HHC02269I GR00=00DC4EB4 GR01=00DAEADC GR02=00EBAAF0 GR03=00DAEF1C
14:29:07 HHC02269I GR04=00DB17F0 GR05=00DB1E74 GR06=00EB88D0 GR07=00DB9153
14:29:07 HHC02269I GR08=00DBB151 GR09=00DBA152 GR10=60DB6156 GR11=00DB7155
14:29:07 HHC02269I GR12=00DB8154 GR13=00EB88D0 GR14=00DB6188 GR15=00DB61A2
14:29:07 HHC02271I CR00=000010E0 CR01=00000000 CR02=00000000 CR03=00000000
14:29:07 HHC02271I CR04=00000000 CR05=00000000 CR06=FF000000 CR07=00000000
14:29:07 HHC02271I CR08=00000000 CR09=00000000 CR10=00000000 CR11=00000000
14:29:07 HHC02271I CR12=00000000 CR13=00000000 CR14=C2000000 CR15=00000000
14:29:07 HHC00801I Processor CP00: SIE: Special-operation exception interruption code 0013 ilc 4
14:29:07 HHC02324I SIE: PSW=01EC200000DB61A8 INST=B2190000     SAC   0(0)                   set_address_space_control
14:29:07 HHC02326I SIE: R:00000000:A:000000007FF8D000:K:F6=01EC1000 00DC586E 00DC55C6 00000000  .......>...F....
14:29:07 HHC02269I GR00=00DC4EB4 GR01=00DAEADC GR02=00EBAAF0 GR03=00DAEF1C
14:29:07 HHC02269I GR04=00DB17F0 GR05=00DB1E74 GR06=00EB88D0 GR07=00DB9153
14:29:07 HHC02269I GR08=00DBB151 GR09=00DBA152 GR10=60DB6156 GR11=00DB7155
14:29:07 HHC02269I GR12=00DB8154 GR13=00EB88D0 GR14=00DB6188 GR15=00DB61A2
14:29:07 HHC02271I CR00=000010E0 CR01=00000000 CR02=00000000 CR03=00000000
14:29:07 HHC02271I CR04=00000000 CR05=00000000 CR06=FF000000 CR07=00000000
14:29:07 HHC02271I CR08=00000000 CR09=00000000 CR10=00000000 CR11=00000000
14:29:07 HHC02271I CR12=00000000 CR13=00000000 CR14=C2000000 CR15=00000000
14:29:08 HHC00801I Processor CP00: SIE: Special-operation exception interruption code 0013 ilc 4
14:29:08 HHC02324I SIE: PSW=03EC200000DB61A8 INST=B2190000     SAC   0(0)                   set_address_space_control
14:29:08 HHC02326I SIE: R:00000000:A:000000007FF8D000:K:F6=03EC1000 00DC586E 00DC55C6 00000000  .......>...F....
14:29:08 HHC02269I GR00=00DC4EB4 GR01=00DAEADC GR02=00EBAAF0 GR03=00DAEF1C
14:29:08 HHC02269I GR04=00DB17F0 GR05=00DB1E74 GR06=00EB88D0 GR07=00DB9153
14:29:08 HHC02269I GR08=00DBB151 GR09=00DBA152 GR10=60DB6156 GR11=00DB7155
14:29:08 HHC02269I GR12=00DB8154 GR13=00EB88D0 GR14=00DB6188 GR15=00DB61A2
14:29:08 HHC02271I CR00=000010E0 CR01=00000000 CR02=00000000 CR03=00000000
14:29:08 HHC02271I CR04=00000000 CR05=00000000 CR06=FF000000 CR07=00000000
14:29:08 HHC02271I CR08=00000000 CR09=00000000 CR10=00000000 CR11=00000000
14:29:08 HHC02271I CR12=00000000 CR13=00000000 CR14=C2000000 CR15=00000000
14:29:08 HHC00801I Processor CP00: SIE: Special-operation exception interruption code 0013 ilc 4
14:29:08 HHC02324I SIE: PSW=01EC200000DB61A8 INST=B2190000     SAC   0(0)                   set_address_space_control
14:29:08 HHC02326I SIE: R:00000000:A:000000007FF8D000:K:F6=01EC1000 00DC586E 00DC55C6 00000000  .......>...F....
14:29:08 HHC02269I GR00=00DC4EB4 GR01=00DAEADC GR02=00EBAAF0 GR03=00DAEF1C
14:29:08 HHC02269I GR04=00DB17F0 GR05=00000000 GR06=00EB88D0 GR07=00DB9153
14:29:08 HHC02269I GR08=00DBB151 GR09=00DBA152 GR10=60DB6156 GR11=00DB7155
14:29:08 HHC02269I GR12=00DB8154 GR13=00EB88D0 GR14=00DB6188 GR15=00DB61A2
14:29:08 HHC02271I CR00=000010E0 CR01=00000000 CR02=00000000 CR03=00000000
14:29:08 HHC02271I CR04=00000000 CR05=00000000 CR06=FF000000 CR07=00000000
14:29:08 HHC02271I CR08=00000000 CR09=00000000 CR10=00000000 CR11=00000000
14:29:08 HHC02271I CR12=00000000 CR13=00000000 CR14=C2000000 CR15=00000000
14:29:08 HHC00801I Processor CP00: SIE: Special-operation exception interruption code 0013 ilc 4
14:29:08 HHC02324I SIE: PSW=03EC200000DB61A8 INST=B2190000     SAC   0(0)                   set_address_space_control
14:29:08 HHC02326I SIE: R:00000000:A:000000007FF8D000:K:F6=03EC1000 00DC586E 00DC55C6 00000000  .......>...F....
14:29:08 HHC02269I GR00=00DC4EB4 GR01=00DAEADC GR02=00EBAAF0 GR03=00DAEF1C
14:29:08 HHC02269I GR04=00DB17F0 GR05=00DB1E74 GR06=00EB88D0 GR07=00DB9153
14:29:08 HHC02269I GR08=00DBB151 GR09=00DBA152 GR10=60DB6156 GR11=00DB7155
14:29:08 HHC02269I GR12=00DB8154 GR13=00EB88D0 GR14=00DB6188 GR15=00DB61A2
14:29:08 HHC02271I CR00=000010E0 CR01=00000000 CR02=00000000 CR03=00000000
14:29:08 HHC02271I CR04=00000000 CR05=00000000 CR06=FF000000 CR07=00000000
14:29:08 HHC02271I CR08=00000000 CR09=00000000 CR10=00000000 CR11=00000000
14:29:08 HHC02271I CR12=00000000 CR13=00000000 CR14=C2000000 CR15=00000000
14:29:08 HHC00801I Processor CP00: SIE: Special-operation exception interruption code 0013 ilc 4
14:29:08 HHC02324I SIE: PSW=03EC200000DB61A8 INST=B2190000     SAC   0(0)                   set_address_space_control
14:29:08 HHC02326I SIE: R:00000000:A:000000007FF8D000:K:F6=03EC1000 00DC586E 00DC55C6 00000000  .......>...F....
14:29:08 HHC02269I GR00=00000000 GR01=00DACADC GR02=00EB8AF0 GR03=00DACF1C
14:29:08 HHC02269I GR04=00DAF7F0 GR05=00000000 GR06=00DB48D0 GR07=00DB9153
14:29:08 HHC02269I GR08=00DBB151 GR09=00DBA152 GR10=60DB6156 GR11=00DB7155
14:29:08 HHC02269I GR12=00DB8154 GR13=00DB48D0 GR14=00DB6188 GR15=00DB61A2
14:29:08 HHC02271I CR00=000010E0 CR01=00000000 CR02=00000000 CR03=00000000
14:29:08 HHC02271I CR04=00000000 CR05=00000000 CR06=FF000000 CR07=00000000
14:29:08 HHC02271I CR08=00000000 CR09=00000000 CR10=00000000 CR11=00000000
14:29:08 HHC02271I CR12=00000000 CR13=00000000 CR14=C2000000 CR15=00000000
14:29:09 HHC00801I Processor CP00: SIE: Special-operation exception interruption code 0013 ilc 4
14:29:09 HHC02324I SIE: PSW=03EC200000DB61A8 INST=B2190000     SAC   0(0)                   set_address_space_control
14:29:09 HHC02326I SIE: R:00000000:A:000000007FF8D000:K:F6=03EC1000 00DC586E 00DC55C6 00000000  .......>...F....
14:29:09 HHC02269I GR00=00000000 GR01=00DACADC GR02=00EB8AF0 GR03=00DACF1C
14:29:09 HHC02269I GR04=00DAF7F0 GR05=00000000 GR06=00DB48D0 GR07=00DB9153
14:29:09 HHC02269I GR08=00DBB151 GR09=00DBA152 GR10=60DB6156 GR11=00DB7155
14:29:09 HHC02269I GR12=00DB8154 GR13=00DB48D0 GR14=00DB6188 GR15=00DB61A2
14:29:09 HHC02271I CR00=000010E0 CR01=00000000 CR02=00000000 CR03=00000000
14:29:09 HHC02271I CR04=00000000 CR05=00000000 CR06=FF000000 CR07=00000000
14:29:09 HHC02271I CR08=00000000 CR09=00000000 CR10=00000000 CR11=00000000
14:29:09 HHC02271I CR12=00000000 CR13=00000000 CR14=C2000000 CR15=00000000
14:29:09 HHC00801I Processor CP00: SIE: Special-operation exception interruption code 0013 ilc 4
14:29:09 HHC02324I SIE: PSW=03EC200000DB61A8 INST=B2190000     SAC   0(0)                   set_address_space_control
14:29:09 HHC02326I SIE: R:00000000:A:000000007FF8D000:K:F6=03EC1000 00DC586E 00DC55C6 00000000  .......>...F....
14:29:09 HHC02269I GR00=00000000 GR01=00DACADC GR02=00EB8AF0 GR03=00DACF1C
14:29:09 HHC02269I GR04=00DAF7F0 GR05=00000000 GR06=00DB48D0 GR07=00DB9153
14:29:09 HHC02269I GR08=00DBB151 GR09=00DBA152 GR10=60DB6156 GR11=00DB7155
14:29:09 HHC02269I GR12=00DB8154 GR13=00DB48D0 GR14=00DB6188 GR15=00DB61A2
14:29:09 HHC02271I CR00=000010E0 CR01=00000000 CR02=00000000 CR03=00000000
14:29:09 HHC02271I CR04=00000000 CR05=00000000 CR06=FF000000 CR07=00000000
14:29:09 HHC02271I CR08=00000000 CR09=00000000 CR10=00000000 CR11=00000000
14:29:09 HHC02271I CR12=00000000 CR13=00000000 CR14=C2000000 CR15=00000000
14:29:10 HHC00801I Processor CP00: SIE: Special-operation exception interruption code 0013 ilc 4
14:29:10 HHC02324I SIE: PSW=03EC200000DB61A8 INST=B2190000     SAC   0(0)                   set_address_space_control
14:29:10 HHC02326I SIE: R:00000000:A:000000007FF8D000:K:F6=03EC1000 00DC586E 00DC55C6 00000000  .......>...F....
14:29:10 HHC02269I GR00=00000000 GR01=00DACADC GR02=00EB8AF0 GR03=00DACF1C
14:29:10 HHC02269I GR04=00DAF7F0 GR05=00000000 GR06=00DB48D0 GR07=00DB9153
14:29:10 HHC02269I GR08=00DBB151 GR09=00DBA152 GR10=60DB6156 GR11=00DB7155
14:29:10 HHC02269I GR12=00DB8154 GR13=00DB48D0 GR14=00DB6188 GR15=00DB61A2
14:29:10 HHC02271I CR00=000010E0 CR01=00000000 CR02=00000000 CR03=00000000
14:29:10 HHC02271I CR04=00000000 CR05=00000000 CR06=FF000000 CR07=00000000
14:29:10 HHC02271I CR08=00000000 CR09=00000000 CR10=00000000 CR11=00000000
14:29:10 HHC02271I CR12=00000000 CR13=00000000 CR14=C2000000 CR15=00000000
14:29:52 HHC01603I t-6283
14:29:52 HHC02204I CCW trace for 0:6283 set to OFF
14:29:58 HHC01603I tf off
14:29:58 HHC02204I TF             set to OFF MAX=100G NOSTOP FILE=VTEZVM11.tf
14:30:06 HHC01603I exit
14:30:06 HHC01426I Shutdown initiated
14:30:06 14:30:06 HCPWRP963I SHUTDOWN STEP USOAC - JOURNAL USER TERMINATION              
14:30:07 14:30:07 HCPWRP963I SHUTDOWN STEP MFRSD - TERMINATE HARDWARE LOADER             
14:30:07 14:30:07 HCPWRP963I SHUTDOWN STEP APISD - TERMINATE OTHER PROCESSORS            
14:30:08 14:30:08 HCPWRP963I SHUTDOWN STEP ENASD - DISABLE TERMINAL DEVICES              
14:30:08 14:30:08 HCPWRP963I SHUTDOWN STEP KCBSD - PERFORM ISFC SHUTDOWN TASKS           
14:30:09 14:30:09 HCPWRP963I SHUTDOWN STEP ISHDN - SHUT DOWN I/O SUBSYSTEM               
14:30:09 14:30:09 HCPWRP963I SHUTDOWN STEP TTRAL - TERMINATE CONCURRENT COPY SESSIONS    
14:30:10 14:30:10 HCPWRP963I SHUTDOWN STEP SGPST - STOP OTHER PROCESSORS                 
14:30:10 14:30:10 HCPWRP959I IBMVMRAM SYSTEM TERMINATION IN PROGRESS ON 2026-07-08 
14:30:10 14:30:10 HCPWRP963I SHUTDOWN STEP TXTDS - TERMINATE DATA TRACES                 
14:30:11 14:30:11 HCPWRP963I SHUTDOWN STEP SVACV - ACTIVATE TERMINATION SAVE AREAS       
14:30:11 14:30:11 HCPWRP963I SHUTDOWN STEP CHMOF - DISABLE CHANNEL MEASUREMENT           
14:30:12 14:30:12 HCPWRP963I SHUTDOWN STEP ISHDA - DISABLE ALL DEVICES                   
14:30:12 HCPWRP964W SYSTEM SHUTDOWN COMPLETE FOR SYSTEM IPLED FROM DVD
14:30:12 HHC00809I Processor CP00: disabled wait state 0002000000000000 0000000000000964
14:30:12 HHC00826W Processor CP00: processor auto-stopped due to disabled wait
14:30:12 HHC00007I Previous message from function 'z900_process_interrupt' at cpu.c(1884)
14:30:13 HHC01420I Begin Hercules shutdown
14:30:16 HHC01423I Calling termination routines
14:30:16 HHC00101I Thread id 00003dbc, prio 2, name 'Processor CP00' ended
14:30:16 HHC00101I Thread id 00001354, prio 4, name 'console_connect' ended
14:30:16 HHC00417I 0:6280 CKD file dasd/zVM/VTEZVM11/M01RES.ckd: cache hits 150326, misses 150843, waits 0
14:30:16 HHC00417I 0:6281 CKD file dasd/zVM/VTEZVM11/M01S01.ckd: cache hits 150299, misses 153258, waits 0
14:30:16 HHC00417I 0:6282 CKD file dasd/zVM/VTEZVM11/M01P01.ckd: cache hits 150284, misses 150258, waits 0
14:30:16 HHC00417I 0:6283 CKD file dasd/zVM/VTEZVM11/VMCOM1.ckd: cache hits 150301, misses 150273, waits 0
14:30:16 HHC00417I 0:6284 CKD file dasd/zVM/VTEZVM11/620RL1.ckd: cache hits 150292, misses 150273, waits 0
14:30:16 HHC01427I Main storage released
14:30:16 HHC01427I Expanded storage released
14:30:16 HHC01422I Configuration released
14:30:16 HHC00101I Thread id 00003c30, prio 7, name 'timer_thread' ended
14:30:16 HHC00101I Thread id 00001bb0, prio 2, name 'rubato_thread' ended
